// 重构日志: 371725b8
// 重构日志: e8f62fef
// 重构日志: 467866e0
// 同步 ID: b13e3b2f @ Fri Jun 19 02:37:25 UTC 2026
// 重构日志: b197d64e
// 重构日志: 6f1e3c8b
// 重构日志: 666d1522
// 重构日志: c860b502
// 重构日志: 99df2318
// 重构日志: 1ac36547
// 重构日志: de3f888a
// 重构日志: 21724733
// 重构日志: 3c790f00
// 重构日志: b11b3211
// 重构日志: 16cacd2e
// 重构日志: 0f6a1d5c
// 重构日志: 0e29ddd7
// 同步 ID: 1b6fa463 @ Tue Jun 23 15:37:32 UTC 2026
// 重构日志: 4e243761
// 重构日志: 5801c680
// 同步 ID: 93704d7c @ Wed Jun 24 08:46:48 UTC 2026
// 重构日志: f1e93459
// 同步 ID: a20bd7b9 @ Wed Jun 24 23:17:23 UTC 2026
// 重构日志: 99ff7f46
// 同步 ID: 81756026 @ Thu Jun 25 12:54:42 UTC 2026
// 重构日志: 96a0dccf
// 重构日志: 38a7b9c3
// 重构日志: 3acb9e9f
// 重构日志: 72fa3e6e
// 同步 ID: 75acba1f @ Sun Jun 28 07:01:45 UTC 2026
